{"/Users/Aliyah/otus-git/src/tasc7.js": {"path":"/Users/Aliyah/otus-git/src/tasc7.js","all":false,"statementMap":{"0":{"start":{"line":1,"column":0},"end":{"line":1,"column":41}},"1":{"start":{"line":2,"column":0},"end":{"line":2,"column":48}},"2":{"start":{"line":3,"column":0},"end":{"line":3,"column":19}},"3":{"start":{"line":4,"column":0},"end":{"line":4,"column":0}},"4":{"start":{"line":5,"column":0},"end":{"line":5,"column":50}},"5":{"start":{"line":6,"column":0},"end":{"line":6,"column":27}},"6":{"start":{"line":7,"column":0},"end":{"line":7,"column":23}},"7":{"start":{"line":8,"column":0},"end":{"line":8,"column":20}},"8":{"start":{"line":9,"column":0},"end":{"line":9,"column":0}},"9":{"start":{"line":10,"column":0},"end":{"line":10,"column":41}},"10":{"start":{"line":11,"column":0},"end":{"line":11,"column":41}},"11":{"start":{"line":12,"column":0},"end":{"line":12,"column":41}},"12":{"start":{"line":13,"column":0},"end":{"line":13,"column":16}},"13":{"start":{"line":14,"column":0},"end":{"line":14,"column":16}},"14":{"start":{"line":15,"column":0},"end":{"line":15,"column":16}},"15":{"start":{"line":16,"column":0},"end":{"line":16,"column":21}},"16":{"start":{"line":17,"column":0},"end":{"line":17,"column":22}},"17":{"start":{"line":18,"column":0},"end":{"line":18,"column":23}},"18":{"start":{"line":19,"column":0},"end":{"line":19,"column":0}},"19":{"start":{"line":20,"column":0},"end":{"line":20,"column":41}},"20":{"start":{"line":21,"column":0},"end":{"line":21,"column":29}},"21":{"start":{"line":22,"column":0},"end":{"line":22,"column":28}},"22":{"start":{"line":23,"column":0},"end":{"line":23,"column":12}},"23":{"start":{"line":24,"column":0},"end":{"line":24,"column":27}},"24":{"start":{"line":25,"column":0},"end":{"line":25,"column":5}},"25":{"start":{"line":26,"column":0},"end":{"line":26,"column":5}},"26":{"start":{"line":27,"column":0},"end":{"line":27,"column":0}},"27":{"start":{"line":28,"column":0},"end":{"line":28,"column":42}},"28":{"start":{"line":29,"column":0},"end":{"line":29,"column":53}},"29":{"start":{"line":30,"column":0},"end":{"line":30,"column":28}},"30":{"start":{"line":31,"column":0},"end":{"line":31,"column":41}},"31":{"start":{"line":32,"column":0},"end":{"line":32,"column":25}},"32":{"start":{"line":33,"column":0},"end":{"line":33,"column":21}},"33":{"start":{"line":34,"column":0},"end":{"line":34,"column":0}},"34":{"start":{"line":35,"column":0},"end":{"line":35,"column":51}},"35":{"start":{"line":36,"column":0},"end":{"line":36,"column":35}},"36":{"start":{"line":37,"column":0},"end":{"line":37,"column":32}},"37":{"start":{"line":38,"column":0},"end":{"line":38,"column":5}},"38":{"start":{"line":39,"column":0},"end":{"line":39,"column":5}},"39":{"start":{"line":40,"column":0},"end":{"line":40,"column":1}}},"s":{"0":1,"1":5,"2":5,"3":5,"4":5,"5":5,"6":5,"7":5,"8":5,"9":5,"10":5,"11":5,"12":5,"13":5,"14":5,"15":5,"16":5,"17":5,"18":5,"19":5,"20":6,"21":1,"22":1,"23":1,"24":1,"25":6,"26":5,"27":5,"28":4,"29":4,"30":4,"31":4,"32":4,"33":4,"34":4,"35":4,"36":1,"37":1,"38":4,"39":5},"branchMap":{"0":{"type":"branch","line":1,"loc":{"start":{"line":1,"column":7},"end":{"line":40,"column":1}},"locations":[{"start":{"line":1,"column":7},"end":{"line":40,"column":1}}]},"1":{"type":"branch","line":20,"loc":{"start":{"line":20,"column":34},"end":{"line":26,"column":5}},"locations":[{"start":{"line":20,"column":34},"end":{"line":26,"column":5}}]},"2":{"type":"branch","line":21,"loc":{"start":{"line":21,"column":28},"end":{"line":23,"column":11}},"locations":[{"start":{"line":21,"column":28},"end":{"line":23,"column":11}}]},"3":{"type":"branch","line":21,"loc":{"start":{"line":21,"column":4},"end":{"line":25,"column":5}},"locations":[{"start":{"line":21,"column":4},"end":{"line":25,"column":5}}]},"4":{"type":"branch","line":28,"loc":{"start":{"line":28,"column":35},"end":{"line":39,"column":5}},"locations":[{"start":{"line":28,"column":35},"end":{"line":39,"column":5}}]},"5":{"type":"branch","line":36,"loc":{"start":{"line":36,"column":34},"end":{"line":38,"column":5}},"locations":[{"start":{"line":36,"column":34},"end":{"line":38,"column":5}}]}},"b":{"0":[5],"1":[6],"2":[5],"3":[1],"4":[4],"5":[1]},"fnMap":{"0":{"name":"makeInteractiveList","decl":{"start":{"line":1,"column":7},"end":{"line":40,"column":1}},"loc":{"start":{"line":1,"column":7},"end":{"line":40,"column":1}},"line":1}},"f":{"0":5}}
,"/Users/Aliyah/otus-git/src/array/tasc5_1.js": {"path":"/Users/Aliyah/otus-git/src/array/tasc5_1.js","all":false,"statementMap":{"0":{"start":{"line":1,"column":0},"end":{"line":1,"column":46}},"1":{"start":{"line":2,"column":0},"end":{"line":2,"column":44}},"2":{"start":{"line":3,"column":0},"end":{"line":3,"column":0}},"3":{"start":{"line":4,"column":0},"end":{"line":4,"column":53}},"4":{"start":{"line":5,"column":0},"end":{"line":5,"column":39}},"5":{"start":{"line":6,"column":0},"end":{"line":6,"column":53}},"6":{"start":{"line":7,"column":0},"end":{"line":7,"column":24}},"7":{"start":{"line":8,"column":0},"end":{"line":8,"column":1}}},"s":{"0":1,"1":1,"2":1,"3":1,"4":1,"5":3,"6":3,"7":3},"branchMap":{"0":{"type":"branch","line":5,"loc":{"start":{"line":5,"column":7},"end":{"line":8,"column":1}},"locations":[{"start":{"line":5,"column":7},"end":{"line":8,"column":1}}]},"1":{"type":"branch","line":6,"loc":{"start":{"line":6,"column":30},"end":{"line":6,"column":53}},"locations":[{"start":{"line":6,"column":30},"end":{"line":6,"column":53}}]}},"b":{"0":[3],"1":[6]},"fnMap":{"0":{"name":"sumOfArrElements","decl":{"start":{"line":5,"column":7},"end":{"line":8,"column":1}},"loc":{"start":{"line":5,"column":7},"end":{"line":8,"column":1}},"line":5}},"f":{"0":3}}
,"/Users/Aliyah/otus-git/src/array/tasc5_2.js": {"path":"/Users/Aliyah/otus-git/src/array/tasc5_2.js","all":false,"statementMap":{"0":{"start":{"line":1,"column":0},"end":{"line":1,"column":46}},"1":{"start":{"line":2,"column":0},"end":{"line":2,"column":44}},"2":{"start":{"line":3,"column":0},"end":{"line":3,"column":0}},"3":{"start":{"line":4,"column":0},"end":{"line":4,"column":49}},"4":{"start":{"line":5,"column":0},"end":{"line":5,"column":44}},"5":{"start":{"line":6,"column":0},"end":{"line":6,"column":50}},"6":{"start":{"line":7,"column":0},"end":{"line":7,"column":58}},"7":{"start":{"line":8,"column":0},"end":{"line":8,"column":11}},"8":{"start":{"line":9,"column":0},"end":{"line":9,"column":0}},"9":{"start":{"line":10,"column":0},"end":{"line":10,"column":29}},"10":{"start":{"line":11,"column":0},"end":{"line":11,"column":43}},"11":{"start":{"line":12,"column":0},"end":{"line":12,"column":18}},"12":{"start":{"line":13,"column":0},"end":{"line":13,"column":1}}},"s":{"0":1,"1":1,"2":1,"3":1,"4":1,"5":1,"6":1,"7":1,"8":1,"9":1,"10":3,"11":3,"12":3},"branchMap":{"0":{"type":"branch","line":10,"loc":{"start":{"line":10,"column":7},"end":{"line":13,"column":1}},"locations":[{"start":{"line":10,"column":7},"end":{"line":13,"column":1}}]},"1":{"type":"branch","line":11,"loc":{"start":{"line":11,"column":28},"end":{"line":11,"column":43}},"locations":[{"start":{"line":11,"column":28},"end":{"line":11,"column":43}}]}},"b":{"0":[3],"1":[9]},"fnMap":{"0":{"name":"newArr","decl":{"start":{"line":10,"column":7},"end":{"line":13,"column":1}},"loc":{"start":{"line":10,"column":7},"end":{"line":13,"column":1}},"line":10}},"f":{"0":3}}
,"/Users/Aliyah/otus-git/src/array/tasc5_3.js": {"path":"/Users/Aliyah/otus-git/src/array/tasc5_3.js","all":false,"statementMap":{"0":{"start":{"line":1,"column":0},"end":{"line":1,"column":46}},"1":{"start":{"line":2,"column":0},"end":{"line":2,"column":44}},"2":{"start":{"line":3,"column":0},"end":{"line":3,"column":0}},"3":{"start":{"line":4,"column":0},"end":{"line":4,"column":47}},"4":{"start":{"line":5,"column":0},"end":{"line":5,"column":41}},"5":{"start":{"line":6,"column":0},"end":{"line":6,"column":36}},"6":{"start":{"line":7,"column":0},"end":{"line":7,"column":33}},"7":{"start":{"line":8,"column":0},"end":{"line":8,"column":33}},"8":{"start":{"line":9,"column":0},"end":{"line":9,"column":44}},"9":{"start":{"line":10,"column":0},"end":{"line":10,"column":24}},"10":{"start":{"line":11,"column":0},"end":{"line":11,"column":1}}},"s":{"0":1,"1":1,"2":1,"3":1,"4":1,"5":1,"6":3,"7":3,"8":3,"9":3,"10":3},"branchMap":{"0":{"type":"branch","line":6,"loc":{"start":{"line":6,"column":7},"end":{"line":11,"column":1}},"locations":[{"start":{"line":6,"column":7},"end":{"line":11,"column":1}}]}},"b":{"0":[3]},"fnMap":{"0":{"name":"findMinAndMax","decl":{"start":{"line":6,"column":7},"end":{"line":11,"column":1}},"loc":{"start":{"line":6,"column":7},"end":{"line":11,"column":1}},"line":6}},"f":{"0":3}}
,"/Users/Aliyah/otus-git/src/date/tasc8_1.js": {"path":"/Users/Aliyah/otus-git/src/date/tasc8_1.js","all":false,"statementMap":{"0":{"start":{"line":1,"column":0},"end":{"line":1,"column":42}},"1":{"start":{"line":2,"column":0},"end":{"line":2,"column":49}},"2":{"start":{"line":3,"column":0},"end":{"line":3,"column":28}},"3":{"start":{"line":4,"column":0},"end":{"line":4,"column":0}},"4":{"start":{"line":5,"column":0},"end":{"line":5,"column":29}},"5":{"start":{"line":6,"column":0},"end":{"line":6,"column":59}},"6":{"start":{"line":7,"column":0},"end":{"line":7,"column":62}},"7":{"start":{"line":8,"column":0},"end":{"line":8,"column":34}},"8":{"start":{"line":9,"column":0},"end":{"line":9,"column":56}},"9":{"start":{"line":10,"column":0},"end":{"line":10,"column":42}},"10":{"start":{"line":11,"column":0},"end":{"line":11,"column":24}},"11":{"start":{"line":12,"column":0},"end":{"line":12,"column":1}}},"s":{"0":1,"1":1,"2":1,"3":1,"4":1,"5":3,"6":3,"7":3,"8":3,"9":3,"10":3,"11":3},"branchMap":{"0":{"type":"branch","line":5,"loc":{"start":{"line":5,"column":7},"end":{"line":12,"column":1}},"locations":[{"start":{"line":5,"column":7},"end":{"line":12,"column":1}}]}},"b":{"0":[3]},"fnMap":{"0":{"name":"dayOfWeek","decl":{"start":{"line":5,"column":7},"end":{"line":12,"column":1}},"loc":{"start":{"line":5,"column":7},"end":{"line":12,"column":1}},"line":5}},"f":{"0":3}}
,"/Users/Aliyah/otus-git/src/date/tasc8_2.js": {"path":"/Users/Aliyah/otus-git/src/date/tasc8_2.js","all":false,"statementMap":{"0":{"start":{"line":1,"column":0},"end":{"line":1,"column":48}},"1":{"start":{"line":2,"column":0},"end":{"line":2,"column":52}},"2":{"start":{"line":3,"column":0},"end":{"line":3,"column":7}},"3":{"start":{"line":4,"column":0},"end":{"line":4,"column":0}},"4":{"start":{"line":5,"column":0},"end":{"line":5,"column":34}},"5":{"start":{"line":6,"column":0},"end":{"line":6,"column":25}},"6":{"start":{"line":7,"column":0},"end":{"line":7,"column":75}},"7":{"start":{"line":8,"column":0},"end":{"line":8,"column":28}},"8":{"start":{"line":9,"column":0},"end":{"line":9,"column":46}},"9":{"start":{"line":10,"column":0},"end":{"line":10,"column":25}},"10":{"start":{"line":11,"column":0},"end":{"line":11,"column":3}},"11":{"start":{"line":12,"column":0},"end":{"line":12,"column":0}},"12":{"start":{"line":13,"column":0},"end":{"line":13,"column":40}},"13":{"start":{"line":14,"column":0},"end":{"line":14,"column":40}},"14":{"start":{"line":15,"column":0},"end":{"line":15,"column":30}},"15":{"start":{"line":16,"column":0},"end":{"line":16,"column":3}},"16":{"start":{"line":17,"column":0},"end":{"line":17,"column":18}},"17":{"start":{"line":18,"column":0},"end":{"line":18,"column":52}},"18":{"start":{"line":19,"column":0},"end":{"line":19,"column":41}},"19":{"start":{"line":20,"column":0},"end":{"line":20,"column":9}},"20":{"start":{"line":21,"column":0},"end":{"line":21,"column":4}},"21":{"start":{"line":22,"column":0},"end":{"line":22,"column":37}},"22":{"start":{"line":23,"column":0},"end":{"line":23,"column":50}},"23":{"start":{"line":24,"column":0},"end":{"line":24,"column":29}},"24":{"start":{"line":25,"column":0},"end":{"line":25,"column":7}}},"s":{"0":1,"1":1,"2":1,"3":1,"4":1,"5":1,"6":1,"7":1,"8":1,"9":1,"10":1,"11":1,"12":1,"13":1,"14":1,"15":1,"16":1,"17":1,"18":1,"19":1,"20":1,"21":1,"22":1,"23":1,"24":1},"branchMap":{"0":{"type":"branch","line":5,"loc":{"start":{"line":5,"column":7},"end":{"line":11,"column":3}},"locations":[{"start":{"line":5,"column":7},"end":{"line":11,"column":3}}]}},"b":{"0":[1]},"fnMap":{"0":{"name":"getMinutsToday","decl":{"start":{"line":5,"column":7},"end":{"line":11,"column":3}},"loc":{"start":{"line":5,"column":7},"end":{"line":11,"column":3}},"line":5}},"f":{"0":1}}
,"/Users/Aliyah/otus-git/src/date/tasc8_3.js": {"path":"/Users/Aliyah/otus-git/src/date/tasc8_3.js","all":false,"statementMap":{"0":{"start":{"line":1,"column":0},"end":{"line":1,"column":49}},"1":{"start":{"line":2,"column":0},"end":{"line":2,"column":47}},"2":{"start":{"line":3,"column":0},"end":{"line":3,"column":47}},"3":{"start":{"line":4,"column":0},"end":{"line":4,"column":16}},"4":{"start":{"line":5,"column":0},"end":{"line":5,"column":0}},"5":{"start":{"line":6,"column":0},"end":{"line":6,"column":44}},"6":{"start":{"line":7,"column":0},"end":{"line":7,"column":25}},"7":{"start":{"line":8,"column":0},"end":{"line":8,"column":28}},"8":{"start":{"line":9,"column":0},"end":{"line":9,"column":30}},"9":{"start":{"line":10,"column":0},"end":{"line":10,"column":0}},"10":{"start":{"line":11,"column":0},"end":{"line":11,"column":38}},"11":{"start":{"line":12,"column":0},"end":{"line":12,"column":39}},"12":{"start":{"line":13,"column":0},"end":{"line":13,"column":0}},"13":{"start":{"line":14,"column":0},"end":{"line":14,"column":51}},"14":{"start":{"line":15,"column":0},"end":{"line":15,"column":52}},"15":{"start":{"line":16,"column":0},"end":{"line":16,"column":0}},"16":{"start":{"line":17,"column":0},"end":{"line":17,"column":24}},"17":{"start":{"line":18,"column":0},"end":{"line":18,"column":25}},"18":{"start":{"line":19,"column":0},"end":{"line":19,"column":0}},"19":{"start":{"line":20,"column":0},"end":{"line":20,"column":52}},"20":{"start":{"line":21,"column":0},"end":{"line":21,"column":1}}},"s":{"0":1,"1":1,"2":1,"3":1,"4":1,"5":1,"6":3,"7":3,"8":3,"9":3,"10":3,"11":3,"12":3,"13":3,"14":3,"15":3,"16":3,"17":3,"18":3,"19":3,"20":3},"branchMap":{"0":{"type":"branch","line":6,"loc":{"start":{"line":6,"column":7},"end":{"line":21,"column":1}},"locations":[{"start":{"line":6,"column":7},"end":{"line":21,"column":1}}]},"1":{"type":"branch","line":20,"loc":{"start":{"line":20,"column":11},"end":{"line":20,"column":37}},"locations":[{"start":{"line":20,"column":11},"end":{"line":20,"column":37}}]},"2":{"type":"branch","line":20,"loc":{"start":{"line":20,"column":11},"end":{"line":20,"column":52}},"locations":[{"start":{"line":20,"column":11},"end":{"line":20,"column":52}}]}},"b":{"0":[3],"1":[1],"2":[2]},"fnMap":{"0":{"name":"whoIsYanger","decl":{"start":{"line":6,"column":7},"end":{"line":21,"column":1}},"loc":{"start":{"line":6,"column":7},"end":{"line":21,"column":1}},"line":6}},"f":{"0":3}}
,"/Users/Aliyah/otus-git/src/functions/tasc6_1.js": {"path":"/Users/Aliyah/otus-git/src/functions/tasc6_1.js","all":false,"statementMap":{"0":{"start":{"line":1,"column":0},"end":{"line":1,"column":53}},"1":{"start":{"line":2,"column":0},"end":{"line":2,"column":48}},"2":{"start":{"line":3,"column":0},"end":{"line":3,"column":27}},"3":{"start":{"line":4,"column":0},"end":{"line":4,"column":0}},"4":{"start":{"line":5,"column":0},"end":{"line":5,"column":28}},"5":{"start":{"line":6,"column":0},"end":{"line":6,"column":29}},"6":{"start":{"line":7,"column":0},"end":{"line":7,"column":29}},"7":{"start":{"line":8,"column":0},"end":{"line":8,"column":25}},"8":{"start":{"line":9,"column":0},"end":{"line":9,"column":16}},"9":{"start":{"line":10,"column":0},"end":{"line":10,"column":1}}},"s":{"0":1,"1":1,"2":1,"3":1,"4":1,"5":3,"6":3,"7":3,"8":3,"9":3},"branchMap":{"0":{"type":"branch","line":5,"loc":{"start":{"line":5,"column":7},"end":{"line":10,"column":1}},"locations":[{"start":{"line":5,"column":7},"end":{"line":10,"column":1}}]}},"b":{"0":[3]},"fnMap":{"0":{"name":"diff","decl":{"start":{"line":5,"column":7},"end":{"line":10,"column":1}},"loc":{"start":{"line":5,"column":7},"end":{"line":10,"column":1}},"line":5}},"f":{"0":3}}
,"/Users/Aliyah/otus-git/src/functions/tasc6_2.js": {"path":"/Users/Aliyah/otus-git/src/functions/tasc6_2.js","all":false,"statementMap":{"0":{"start":{"line":1,"column":0},"end":{"line":1,"column":48}},"1":{"start":{"line":2,"column":0},"end":{"line":2,"column":55}},"2":{"start":{"line":3,"column":0},"end":{"line":3,"column":50}},"3":{"start":{"line":4,"column":0},"end":{"line":4,"column":14}},"4":{"start":{"line":5,"column":0},"end":{"line":5,"column":0}},"5":{"start":{"line":6,"column":0},"end":{"line":6,"column":29}},"6":{"start":{"line":7,"column":0},"end":{"line":7,"column":23}},"7":{"start":{"line":8,"column":0},"end":{"line":8,"column":46}},"8":{"start":{"line":9,"column":0},"end":{"line":9,"column":16}},"9":{"start":{"line":10,"column":0},"end":{"line":10,"column":1}}},"s":{"0":1,"1":1,"2":1,"3":1,"4":1,"5":1,"6":3,"7":3,"8":3,"9":3},"branchMap":{"0":{"type":"branch","line":6,"loc":{"start":{"line":6,"column":7},"end":{"line":10,"column":1}},"locations":[{"start":{"line":6,"column":7},"end":{"line":10,"column":1}}]},"1":{"type":"branch","line":8,"loc":{"start":{"line":8,"column":15},"end":{"line":8,"column":40}},"locations":[{"start":{"line":8,"column":15},"end":{"line":8,"column":40}}]},"2":{"type":"branch","line":8,"loc":{"start":{"line":8,"column":15},"end":{"line":8,"column":46}},"locations":[{"start":{"line":8,"column":15},"end":{"line":8,"column":46}}]}},"b":{"0":[3],"1":[1],"2":[2]},"fnMap":{"0":{"name":"isWord","decl":{"start":{"line":6,"column":7},"end":{"line":10,"column":1}},"loc":{"start":{"line":6,"column":7},"end":{"line":10,"column":1}},"line":6}},"f":{"0":3}}
,"/Users/Aliyah/otus-git/src/functions/tasc6_3.js": {"path":"/Users/Aliyah/otus-git/src/functions/tasc6_3.js","all":false,"statementMap":{"0":{"start":{"line":1,"column":0},"end":{"line":1,"column":45}},"1":{"start":{"line":2,"column":0},"end":{"line":2,"column":46}},"2":{"start":{"line":3,"column":0},"end":{"line":3,"column":0}},"3":{"start":{"line":4,"column":0},"end":{"line":4,"column":23}},"4":{"start":{"line":5,"column":0},"end":{"line":5,"column":21}},"5":{"start":{"line":6,"column":0},"end":{"line":6,"column":6}},"6":{"start":{"line":7,"column":0},"end":{"line":7,"column":0}},"7":{"start":{"line":8,"column":0},"end":{"line":8,"column":27}},"8":{"start":{"line":9,"column":0},"end":{"line":9,"column":17}},"9":{"start":{"line":10,"column":0},"end":{"line":10,"column":32}},"10":{"start":{"line":11,"column":0},"end":{"line":11,"column":16}},"11":{"start":{"line":12,"column":0},"end":{"line":12,"column":3}},"12":{"start":{"line":13,"column":0},"end":{"line":13,"column":16}},"13":{"start":{"line":14,"column":0},"end":{"line":14,"column":1}}},"s":{"0":1,"1":1,"2":1,"3":1,"4":1,"5":1,"6":1,"7":1,"8":3,"9":3,"10":7,"11":7,"12":3,"13":3},"branchMap":{"0":{"type":"branch","line":8,"loc":{"start":{"line":8,"column":7},"end":{"line":14,"column":1}},"locations":[{"start":{"line":8,"column":7},"end":{"line":14,"column":1}}]},"1":{"type":"branch","line":10,"loc":{"start":{"line":10,"column":31},"end":{"line":12,"column":3}},"locations":[{"start":{"line":10,"column":31},"end":{"line":12,"column":3}}]}},"b":{"0":[3],"1":[7]},"fnMap":{"0":{"name":"pow","decl":{"start":{"line":8,"column":7},"end":{"line":14,"column":1}},"loc":{"start":{"line":8,"column":7},"end":{"line":14,"column":1}},"line":8}},"f":{"0":3}}
,"/Users/Aliyah/otus-git/src/linear_algorithms/tasc1.js": {"path":"/Users/Aliyah/otus-git/src/linear_algorithms/tasc1.js","all":false,"statementMap":{"0":{"start":{"line":1,"column":0},"end":{"line":1,"column":36}},"1":{"start":{"line":2,"column":0},"end":{"line":2,"column":79}},"2":{"start":{"line":3,"column":0},"end":{"line":3,"column":0}},"3":{"start":{"line":4,"column":0},"end":{"line":4,"column":28}},"4":{"start":{"line":5,"column":0},"end":{"line":5,"column":24}},"5":{"start":{"line":6,"column":0},"end":{"line":6,"column":20}},"6":{"start":{"line":7,"column":0},"end":{"line":7,"column":32}},"7":{"start":{"line":8,"column":0},"end":{"line":8,"column":22}},"8":{"start":{"line":9,"column":0},"end":{"line":9,"column":1}}},"s":{"0":1,"1":1,"2":1,"3":1,"4":3,"5":3,"6":3,"7":3,"8":3},"branchMap":{"0":{"type":"branch","line":4,"loc":{"start":{"line":4,"column":7},"end":{"line":9,"column":1}},"locations":[{"start":{"line":4,"column":7},"end":{"line":9,"column":1}}]}},"b":{"0":[3]},"fnMap":{"0":{"name":"math","decl":{"start":{"line":4,"column":7},"end":{"line":9,"column":1}},"loc":{"start":{"line":4,"column":7},"end":{"line":9,"column":1}},"line":4}},"f":{"0":3}}
,"/Users/Aliyah/otus-git/src/linear_algorithms/tasc2.js": {"path":"/Users/Aliyah/otus-git/src/linear_algorithms/tasc2.js","all":false,"statementMap":{"0":{"start":{"line":1,"column":0},"end":{"line":1,"column":46}},"1":{"start":{"line":2,"column":0},"end":{"line":2,"column":48}},"2":{"start":{"line":3,"column":0},"end":{"line":3,"column":49}},"3":{"start":{"line":4,"column":0},"end":{"line":4,"column":0}},"4":{"start":{"line":5,"column":0},"end":{"line":5,"column":36}},"5":{"start":{"line":6,"column":0},"end":{"line":6,"column":35}},"6":{"start":{"line":7,"column":0},"end":{"line":7,"column":22}},"7":{"start":{"line":8,"column":0},"end":{"line":8,"column":1}}},"s":{"0":1,"1":1,"2":1,"3":1,"4":1,"5":3,"6":3,"7":3},"branchMap":{"0":{"type":"branch","line":5,"loc":{"start":{"line":5,"column":7},"end":{"line":8,"column":1}},"locations":[{"start":{"line":5,"column":7},"end":{"line":8,"column":1}}]}},"b":{"0":[3]},"fnMap":{"0":{"name":"sumOfSymbols","decl":{"start":{"line":5,"column":7},"end":{"line":8,"column":1}},"loc":{"start":{"line":5,"column":7},"end":{"line":8,"column":1}},"line":5}},"f":{"0":3}}
,"/Users/Aliyah/otus-git/src/linear_algorithms/tasc3.js": {"path":"/Users/Aliyah/otus-git/src/linear_algorithms/tasc3.js","all":false,"statementMap":{"0":{"start":{"line":1,"column":0},"end":{"line":1,"column":45}},"1":{"start":{"line":2,"column":0},"end":{"line":2,"column":48}},"2":{"start":{"line":3,"column":0},"end":{"line":3,"column":48}},"3":{"start":{"line":4,"column":0},"end":{"line":4,"column":0}},"4":{"start":{"line":5,"column":0},"end":{"line":5,"column":30}},"5":{"start":{"line":6,"column":0},"end":{"line":6,"column":48}},"6":{"start":{"line":7,"column":0},"end":{"line":7,"column":0}},"7":{"start":{"line":8,"column":0},"end":{"line":8,"column":31}},"8":{"start":{"line":9,"column":0},"end":{"line":9,"column":63}},"9":{"start":{"line":10,"column":0},"end":{"line":10,"column":0}},"10":{"start":{"line":11,"column":0},"end":{"line":11,"column":22}},"11":{"start":{"line":12,"column":0},"end":{"line":12,"column":1}}},"s":{"0":1,"1":1,"2":1,"3":1,"4":1,"5":3,"6":3,"7":3,"8":3,"9":3,"10":3,"11":3},"branchMap":{"0":{"type":"branch","line":5,"loc":{"start":{"line":5,"column":7},"end":{"line":12,"column":1}},"locations":[{"start":{"line":5,"column":7},"end":{"line":12,"column":1}}]},"1":{"type":"branch","line":9,"loc":{"start":{"line":9,"column":25},"end":{"line":9,"column":60}},"locations":[{"start":{"line":9,"column":25},"end":{"line":9,"column":60}}]}},"b":{"0":[3],"1":[9]},"fnMap":{"0":{"name":"sumOfInput","decl":{"start":{"line":5,"column":7},"end":{"line":12,"column":1}},"loc":{"start":{"line":5,"column":7},"end":{"line":12,"column":1}},"line":5}},"f":{"0":3}}
,"/Users/Aliyah/otus-git/src/loops/tasc3_1.js": {"path":"/Users/Aliyah/otus-git/src/loops/tasc3_1.js","all":false,"statementMap":{"0":{"start":{"line":1,"column":0},"end":{"line":1,"column":52}},"1":{"start":{"line":2,"column":0},"end":{"line":2,"column":7}},"2":{"start":{"line":3,"column":0},"end":{"line":3,"column":0}},"3":{"start":{"line":4,"column":0},"end":{"line":4,"column":31}},"4":{"start":{"line":5,"column":0},"end":{"line":5,"column":17}},"5":{"start":{"line":6,"column":0},"end":{"line":6,"column":32}},"6":{"start":{"line":7,"column":0},"end":{"line":7,"column":16}},"7":{"start":{"line":8,"column":0},"end":{"line":8,"column":3}},"8":{"start":{"line":9,"column":0},"end":{"line":9,"column":22}},"9":{"start":{"line":10,"column":0},"end":{"line":10,"column":1}}},"s":{"0":1,"1":1,"2":1,"3":1,"4":3,"5":3,"6":166,"7":166,"8":3,"9":3},"branchMap":{"0":{"type":"branch","line":4,"loc":{"start":{"line":4,"column":7},"end":{"line":10,"column":1}},"locations":[{"start":{"line":4,"column":7},"end":{"line":10,"column":1}}]},"1":{"type":"branch","line":6,"loc":{"start":{"line":6,"column":31},"end":{"line":8,"column":3}},"locations":[{"start":{"line":6,"column":31},"end":{"line":8,"column":3}}]}},"b":{"0":[3],"1":[166]},"fnMap":{"0":{"name":"numbers","decl":{"start":{"line":4,"column":7},"end":{"line":10,"column":1}},"loc":{"start":{"line":4,"column":7},"end":{"line":10,"column":1}},"line":4}},"f":{"0":3}}
,"/Users/Aliyah/otus-git/src/loops/tasc3_2.js": {"path":"/Users/Aliyah/otus-git/src/loops/tasc3_2.js","all":false,"statementMap":{"0":{"start":{"line":1,"column":0},"end":{"line":1,"column":44}},"1":{"start":{"line":2,"column":0},"end":{"line":2,"column":12}},"2":{"start":{"line":3,"column":0},"end":{"line":3,"column":13}},"3":{"start":{"line":4,"column":0},"end":{"line":4,"column":4}},"4":{"start":{"line":5,"column":0},"end":{"line":5,"column":13}},"5":{"start":{"line":6,"column":0},"end":{"line":6,"column":0}},"6":{"start":{"line":7,"column":0},"end":{"line":7,"column":35}},"7":{"start":{"line":8,"column":0},"end":{"line":8,"column":19}},"8":{"start":{"line":9,"column":0},"end":{"line":9,"column":18}},"9":{"start":{"line":10,"column":0},"end":{"line":10,"column":32}},"10":{"start":{"line":11,"column":0},"end":{"line":11,"column":46}},"11":{"start":{"line":12,"column":0},"end":{"line":12,"column":3}},"12":{"start":{"line":13,"column":0},"end":{"line":13,"column":22}},"13":{"start":{"line":14,"column":0},"end":{"line":14,"column":1}}},"s":{"0":1,"1":1,"2":1,"3":1,"4":1,"5":1,"6":1,"7":3,"8":3,"9":3,"10":27,"11":27,"12":3,"13":3},"branchMap":{"0":{"type":"branch","line":7,"loc":{"start":{"line":7,"column":7},"end":{"line":14,"column":1}},"locations":[{"start":{"line":7,"column":7},"end":{"line":14,"column":1}}]},"1":{"type":"branch","line":10,"loc":{"start":{"line":10,"column":31},"end":{"line":12,"column":3}},"locations":[{"start":{"line":10,"column":31},"end":{"line":12,"column":3}}]}},"b":{"0":[3],"1":[27]},"fnMap":{"0":{"name":"multTable","decl":{"start":{"line":7,"column":7},"end":{"line":14,"column":1}},"loc":{"start":{"line":7,"column":7},"end":{"line":14,"column":1}},"line":7}},"f":{"0":3}}
,"/Users/Aliyah/otus-git/src/loops/tasc3_3.js": {"path":"/Users/Aliyah/otus-git/src/loops/tasc3_3.js","all":false,"statementMap":{"0":{"start":{"line":1,"column":0},"end":{"line":1,"column":52}},"1":{"start":{"line":2,"column":0},"end":{"line":2,"column":47}},"2":{"start":{"line":3,"column":0},"end":{"line":3,"column":18}},"3":{"start":{"line":4,"column":0},"end":{"line":4,"column":0}},"4":{"start":{"line":5,"column":0},"end":{"line":5,"column":23}},"5":{"start":{"line":6,"column":0},"end":{"line":6,"column":17}},"6":{"start":{"line":7,"column":0},"end":{"line":7,"column":46}},"7":{"start":{"line":8,"column":0},"end":{"line":8,"column":36}},"8":{"start":{"line":9,"column":0},"end":{"line":9,"column":22}},"9":{"start":{"line":10,"column":0},"end":{"line":10,"column":18}},"10":{"start":{"line":11,"column":0},"end":{"line":11,"column":5}},"11":{"start":{"line":12,"column":0},"end":{"line":12,"column":3}},"12":{"start":{"line":13,"column":0},"end":{"line":13,"column":61}},"13":{"start":{"line":14,"column":0},"end":{"line":14,"column":22}},"14":{"start":{"line":15,"column":0},"end":{"line":15,"column":1}}},"s":{"0":1,"1":1,"2":1,"3":1,"4":1,"5":3,"6":3,"7":3,"8":125,"9":63,"10":63,"11":125,"12":3,"13":3,"14":3},"branchMap":{"0":{"type":"branch","line":5,"loc":{"start":{"line":5,"column":7},"end":{"line":15,"column":1}},"locations":[{"start":{"line":5,"column":7},"end":{"line":15,"column":1}}]},"1":{"type":"branch","line":8,"loc":{"start":{"line":8,"column":35},"end":{"line":12,"column":3}},"locations":[{"start":{"line":8,"column":35},"end":{"line":12,"column":3}}]},"2":{"type":"branch","line":9,"loc":{"start":{"line":9,"column":21},"end":{"line":11,"column":5}},"locations":[{"start":{"line":9,"column":21},"end":{"line":11,"column":5}}]},"3":{"type":"branch","line":13,"loc":{"start":{"line":13,"column":26},"end":{"line":13,"column":51}},"locations":[{"start":{"line":13,"column":26},"end":{"line":13,"column":51}}]}},"b":{"0":[3],"1":[125],"2":[63],"3":[60]},"fnMap":{"0":{"name":"fun","decl":{"start":{"line":5,"column":7},"end":{"line":15,"column":1}},"loc":{"start":{"line":5,"column":7},"end":{"line":15,"column":1}},"line":5}},"f":{"0":3}}
,"/Users/Aliyah/otus-git/src/math/tasc9_1.js": {"path":"/Users/Aliyah/otus-git/src/math/tasc9_1.js","all":false,"statementMap":{"0":{"start":{"line":1,"column":0},"end":{"line":1,"column":51}},"1":{"start":{"line":2,"column":0},"end":{"line":2,"column":41}},"2":{"start":{"line":3,"column":0},"end":{"line":3,"column":38}},"3":{"start":{"line":4,"column":0},"end":{"line":4,"column":17}},"4":{"start":{"line":5,"column":0},"end":{"line":5,"column":3}},"5":{"start":{"line":6,"column":0},"end":{"line":6,"column":42}},"6":{"start":{"line":7,"column":0},"end":{"line":7,"column":47}},"7":{"start":{"line":8,"column":0},"end":{"line":8,"column":27}},"8":{"start":{"line":9,"column":0},"end":{"line":9,"column":25}},"9":{"start":{"line":10,"column":0},"end":{"line":10,"column":25}},"10":{"start":{"line":11,"column":0},"end":{"line":11,"column":63}},"11":{"start":{"line":12,"column":0},"end":{"line":12,"column":36}},"12":{"start":{"line":13,"column":0},"end":{"line":13,"column":24}},"13":{"start":{"line":14,"column":0},"end":{"line":14,"column":6}},"14":{"start":{"line":15,"column":0},"end":{"line":15,"column":37}},"15":{"start":{"line":16,"column":0},"end":{"line":16,"column":24}},"16":{"start":{"line":17,"column":0},"end":{"line":17,"column":16}},"17":{"start":{"line":18,"column":0},"end":{"line":18,"column":25}},"18":{"start":{"line":19,"column":0},"end":{"line":19,"column":9}},"19":{"start":{"line":20,"column":0},"end":{"line":20,"column":1}}},"s":{"0":1,"1":1,"2":1,"3":8,"4":8,"5":1,"6":3,"7":3,"8":3,"9":3,"10":3,"11":3,"12":3,"13":3,"14":3,"15":1,"16":1,"17":1,"18":1,"19":3},"branchMap":{"0":{"type":"branch","line":3,"loc":{"start":{"line":3,"column":7},"end":{"line":5,"column":3}},"locations":[{"start":{"line":3,"column":7},"end":{"line":5,"column":3}}]},"1":{"type":"branch","line":6,"loc":{"start":{"line":6,"column":7},"end":{"line":20,"column":1}},"locations":[{"start":{"line":6,"column":7},"end":{"line":20,"column":1}}]},"2":{"type":"branch","line":15,"loc":{"start":{"line":15,"column":35},"end":{"line":17,"column":15}},"locations":[{"start":{"line":15,"column":35},"end":{"line":17,"column":15}}]},"3":{"type":"branch","line":15,"loc":{"start":{"line":15,"column":8},"end":{"line":19,"column":9}},"locations":[{"start":{"line":15,"column":8},"end":{"line":19,"column":9}}]}},"b":{"0":[8],"1":[3],"2":[2],"3":[1]},"fnMap":{"0":{"name":"compareNumbers","decl":{"start":{"line":3,"column":7},"end":{"line":5,"column":3}},"loc":{"start":{"line":3,"column":7},"end":{"line":5,"column":3}},"line":3},"1":{"name":"isTriangleRight","decl":{"start":{"line":6,"column":7},"end":{"line":20,"column":1}},"loc":{"start":{"line":6,"column":7},"end":{"line":20,"column":1}},"line":6}},"f":{"0":8,"1":3}}
,"/Users/Aliyah/otus-git/src/math/tasc9_2.js": {"path":"/Users/Aliyah/otus-git/src/math/tasc9_2.js","all":false,"statementMap":{"0":{"start":{"line":1,"column":0},"end":{"line":1,"column":51}},"1":{"start":{"line":2,"column":0},"end":{"line":2,"column":47}},"2":{"start":{"line":3,"column":0},"end":{"line":3,"column":30}},"3":{"start":{"line":4,"column":0},"end":{"line":4,"column":0}},"4":{"start":{"line":5,"column":0},"end":{"line":5,"column":30}},"5":{"start":{"line":6,"column":0},"end":{"line":6,"column":35}},"6":{"start":{"line":7,"column":0},"end":{"line":7,"column":28}},"7":{"start":{"line":8,"column":0},"end":{"line":8,"column":30}},"8":{"start":{"line":9,"column":0},"end":{"line":9,"column":78}},"9":{"start":{"line":10,"column":0},"end":{"line":10,"column":23}},"10":{"start":{"line":11,"column":0},"end":{"line":11,"column":1}}},"s":{"0":1,"1":1,"2":1,"3":1,"4":1,"5":3,"6":3,"7":3,"8":3,"9":3,"10":3},"branchMap":{"0":{"type":"branch","line":5,"loc":{"start":{"line":5,"column":7},"end":{"line":11,"column":1}},"locations":[{"start":{"line":5,"column":7},"end":{"line":11,"column":1}}]}},"b":{"0":[3]},"fnMap":{"0":{"name":"getCircleS","decl":{"start":{"line":5,"column":7},"end":{"line":11,"column":1}},"loc":{"start":{"line":5,"column":7},"end":{"line":11,"column":1}},"line":5}},"f":{"0":3}}
,"/Users/Aliyah/otus-git/src/object/tasc4_1.js": {"path":"/Users/Aliyah/otus-git/src/object/tasc4_1.js","all":false,"statementMap":{"0":{"start":{"line":1,"column":0},"end":{"line":1,"column":65}},"1":{"start":{"line":2,"column":0},"end":{"line":2,"column":14}},"2":{"start":{"line":3,"column":0},"end":{"line":3,"column":15}},"3":{"start":{"line":4,"column":0},"end":{"line":4,"column":2}},"4":{"start":{"line":5,"column":0},"end":{"line":5,"column":50}},"5":{"start":{"line":6,"column":0},"end":{"line":6,"column":46}},"6":{"start":{"line":7,"column":0},"end":{"line":7,"column":36}},"7":{"start":{"line":8,"column":0},"end":{"line":8,"column":37}},"8":{"start":{"line":9,"column":0},"end":{"line":9,"column":17}},"9":{"start":{"line":10,"column":0},"end":{"line":10,"column":14}},"10":{"start":{"line":11,"column":0},"end":{"line":11,"column":1}}},"s":{"0":1,"1":1,"2":1,"3":1,"4":1,"5":1,"6":1,"7":3,"8":3,"9":3,"10":3},"branchMap":{"0":{"type":"branch","line":7,"loc":{"start":{"line":7,"column":7},"end":{"line":11,"column":1}},"locations":[{"start":{"line":7,"column":7},"end":{"line":11,"column":1}}]}},"b":{"0":[3]},"fnMap":{"0":{"name":"addAgeToUser","decl":{"start":{"line":7,"column":7},"end":{"line":11,"column":1}},"loc":{"start":{"line":7,"column":7},"end":{"line":11,"column":1}},"line":7}},"f":{"0":3}}
,"/Users/Aliyah/otus-git/src/object/tasc4_2.js": {"path":"/Users/Aliyah/otus-git/src/object/tasc4_2.js","all":false,"statementMap":{"0":{"start":{"line":1,"column":0},"end":{"line":1,"column":65}},"1":{"start":{"line":2,"column":0},"end":{"line":2,"column":14}},"2":{"start":{"line":3,"column":0},"end":{"line":3,"column":17}},"3":{"start":{"line":4,"column":0},"end":{"line":4,"column":4}},"4":{"start":{"line":5,"column":0},"end":{"line":5,"column":0}},"5":{"start":{"line":6,"column":0},"end":{"line":6,"column":47}},"6":{"start":{"line":7,"column":0},"end":{"line":7,"column":49}},"7":{"start":{"line":8,"column":0},"end":{"line":8,"column":11}},"8":{"start":{"line":9,"column":0},"end":{"line":9,"column":0}},"9":{"start":{"line":10,"column":0},"end":{"line":10,"column":34}},"10":{"start":{"line":11,"column":0},"end":{"line":11,"column":74}},"11":{"start":{"line":12,"column":0},"end":{"line":12,"column":16}},"12":{"start":{"line":13,"column":0},"end":{"line":13,"column":1}}},"s":{"0":1,"1":1,"2":1,"3":1,"4":1,"5":1,"6":1,"7":1,"8":1,"9":1,"10":3,"11":3,"12":3},"branchMap":{"0":{"type":"branch","line":10,"loc":{"start":{"line":10,"column":7},"end":{"line":13,"column":1}},"locations":[{"start":{"line":10,"column":7},"end":{"line":13,"column":1}}]}},"b":{"0":[3]},"fnMap":{"0":{"name":"createAdmin","decl":{"start":{"line":10,"column":7},"end":{"line":13,"column":1}},"loc":{"start":{"line":10,"column":7},"end":{"line":13,"column":1}},"line":10}},"f":{"0":3}}
,"/Users/Aliyah/otus-git/src/object/tasc4_3.js": {"path":"/Users/Aliyah/otus-git/src/object/tasc4_3.js","all":false,"statementMap":{"0":{"start":{"line":1,"column":0},"end":{"line":1,"column":65}},"1":{"start":{"line":2,"column":0},"end":{"line":2,"column":14}},"2":{"start":{"line":3,"column":0},"end":{"line":3,"column":17}},"3":{"start":{"line":4,"column":0},"end":{"line":4,"column":4}},"4":{"start":{"line":5,"column":0},"end":{"line":5,"column":50}},"5":{"start":{"line":6,"column":0},"end":{"line":6,"column":43}},"6":{"start":{"line":7,"column":0},"end":{"line":7,"column":41}},"7":{"start":{"line":8,"column":0},"end":{"line":8,"column":31}},"8":{"start":{"line":9,"column":0},"end":{"line":9,"column":31}},"9":{"start":{"line":10,"column":0},"end":{"line":10,"column":24}},"10":{"start":{"line":11,"column":0},"end":{"line":11,"column":1}}},"s":{"0":1,"1":1,"2":1,"3":1,"4":1,"5":1,"6":1,"7":1,"8":1,"9":1,"10":1},"branchMap":{"0":{"type":"branch","line":8,"loc":{"start":{"line":8,"column":7},"end":{"line":11,"column":1}},"locations":[{"start":{"line":8,"column":7},"end":{"line":11,"column":1}}]}},"b":{"0":[1]},"fnMap":{"0":{"name":"getProps","decl":{"start":{"line":8,"column":7},"end":{"line":11,"column":1}},"loc":{"start":{"line":8,"column":7},"end":{"line":11,"column":1}},"line":8}},"f":{"0":1}}
,"/Users/Aliyah/otus-git/src/regular_expressions/tasc10.js": {"path":"/Users/Aliyah/otus-git/src/regular_expressions/tasc10.js","all":false,"statementMap":{"0":{"start":{"line":1,"column":0},"end":{"line":1,"column":53}},"1":{"start":{"line":2,"column":0},"end":{"line":2,"column":45}},"2":{"start":{"line":3,"column":0},"end":{"line":3,"column":20}},"3":{"start":{"line":4,"column":0},"end":{"line":4,"column":11}},"4":{"start":{"line":5,"column":0},"end":{"line":5,"column":31}},"5":{"start":{"line":6,"column":0},"end":{"line":6,"column":23}},"6":{"start":{"line":7,"column":0},"end":{"line":7,"column":0}},"7":{"start":{"line":8,"column":0},"end":{"line":8,"column":23}},"8":{"start":{"line":9,"column":0},"end":{"line":9,"column":62}},"9":{"start":{"line":10,"column":0},"end":{"line":10,"column":4}},"10":{"start":{"line":11,"column":0},"end":{"line":11,"column":54}},"11":{"start":{"line":12,"column":0},"end":{"line":12,"column":51}},"12":{"start":{"line":13,"column":0},"end":{"line":13,"column":102}},"13":{"start":{"line":14,"column":0},"end":{"line":14,"column":31}},"14":{"start":{"line":15,"column":0},"end":{"line":15,"column":29}},"15":{"start":{"line":16,"column":0},"end":{"line":16,"column":39}},"16":{"start":{"line":17,"column":0},"end":{"line":17,"column":29}},"17":{"start":{"line":18,"column":0},"end":{"line":18,"column":45}},"18":{"start":{"line":19,"column":0},"end":{"line":19,"column":36}},"19":{"start":{"line":20,"column":0},"end":{"line":20,"column":13}},"20":{"start":{"line":21,"column":0},"end":{"line":21,"column":36}},"21":{"start":{"line":22,"column":0},"end":{"line":22,"column":6}},"22":{"start":{"line":23,"column":0},"end":{"line":23,"column":1}}},"s":{"0":1,"1":1,"2":1,"3":1,"4":1,"5":1,"6":1,"7":1,"8":4,"9":4,"10":4,"11":4,"12":4,"13":4,"14":3,"15":3,"16":2,"17":2,"18":1,"19":1,"20":1,"21":1,"22":4},"branchMap":{"0":{"type":"branch","line":8,"loc":{"start":{"line":8,"column":7},"end":{"line":23,"column":1}},"locations":[{"start":{"line":8,"column":7},"end":{"line":23,"column":1}}]},"1":{"type":"branch","line":14,"loc":{"start":{"line":14,"column":30},"end":{"line":16,"column":12}},"locations":[{"start":{"line":14,"column":30},"end":{"line":16,"column":12}}]},"2":{"type":"branch","line":14,"loc":{"start":{"line":14,"column":5},"end":{"line":22,"column":6}},"locations":[{"start":{"line":14,"column":5},"end":{"line":22,"column":6}}]},"3":{"type":"branch","line":16,"loc":{"start":{"line":16,"column":38},"end":{"line":18,"column":12}},"locations":[{"start":{"line":16,"column":38},"end":{"line":18,"column":12}}]},"4":{"type":"branch","line":16,"loc":{"start":{"line":16,"column":12},"end":{"line":22,"column":6}},"locations":[{"start":{"line":16,"column":12},"end":{"line":22,"column":6}}]},"5":{"type":"branch","line":18,"loc":{"start":{"line":18,"column":44},"end":{"line":22,"column":6}},"locations":[{"start":{"line":18,"column":44},"end":{"line":22,"column":6}}]}},"b":{"0":[4],"1":[1],"2":[3],"3":[1],"4":[2],"5":[1]},"fnMap":{"0":{"name":"fun","decl":{"start":{"line":8,"column":7},"end":{"line":23,"column":1}},"loc":{"start":{"line":8,"column":7},"end":{"line":23,"column":1}},"line":8}},"f":{"0":4}}
,"/Users/Aliyah/otus-git/src/сonditional_branching/tasc2_1.js": {"path":"/Users/Aliyah/otus-git/src/сonditional_branching/tasc2_1.js","all":false,"statementMap":{"0":{"start":{"line":1,"column":0},"end":{"line":1,"column":47}},"1":{"start":{"line":2,"column":0},"end":{"line":2,"column":28}},"2":{"start":{"line":3,"column":0},"end":{"line":3,"column":0}},"3":{"start":{"line":4,"column":0},"end":{"line":4,"column":34}},"4":{"start":{"line":5,"column":0},"end":{"line":5,"column":32}},"5":{"start":{"line":6,"column":0},"end":{"line":6,"column":22}},"6":{"start":{"line":7,"column":0},"end":{"line":7,"column":1}}},"s":{"0":1,"1":1,"2":1,"3":1,"4":3,"5":3,"6":3},"branchMap":{"0":{"type":"branch","line":4,"loc":{"start":{"line":4,"column":7},"end":{"line":7,"column":1}},"locations":[{"start":{"line":4,"column":7},"end":{"line":7,"column":1}}]}},"b":{"0":[3]},"fnMap":{"0":{"name":"biggestNum","decl":{"start":{"line":4,"column":7},"end":{"line":7,"column":1}},"loc":{"start":{"line":4,"column":7},"end":{"line":7,"column":1}},"line":4}},"f":{"0":3}}
,"/Users/Aliyah/otus-git/src/сonditional_branching/tasc2_2.js": {"path":"/Users/Aliyah/otus-git/src/сonditional_branching/tasc2_2.js","all":false,"statementMap":{"0":{"start":{"line":1,"column":0},"end":{"line":1,"column":50}},"1":{"start":{"line":2,"column":0},"end":{"line":2,"column":53}},"2":{"start":{"line":3,"column":0},"end":{"line":3,"column":47}},"3":{"start":{"line":4,"column":0},"end":{"line":4,"column":0}},"4":{"start":{"line":5,"column":0},"end":{"line":5,"column":29}},"5":{"start":{"line":6,"column":0},"end":{"line":6,"column":57}},"6":{"start":{"line":7,"column":0},"end":{"line":7,"column":16}},"7":{"start":{"line":8,"column":0},"end":{"line":8,"column":13}},"8":{"start":{"line":9,"column":0},"end":{"line":9,"column":28}},"9":{"start":{"line":10,"column":0},"end":{"line":10,"column":12}},"10":{"start":{"line":11,"column":0},"end":{"line":11,"column":13}},"11":{"start":{"line":12,"column":0},"end":{"line":12,"column":29}},"12":{"start":{"line":13,"column":0},"end":{"line":13,"column":12}},"13":{"start":{"line":14,"column":0},"end":{"line":14,"column":13}},"14":{"start":{"line":15,"column":0},"end":{"line":15,"column":26}},"15":{"start":{"line":16,"column":0},"end":{"line":16,"column":12}},"16":{"start":{"line":17,"column":0},"end":{"line":17,"column":13}},"17":{"start":{"line":18,"column":0},"end":{"line":18,"column":28}},"18":{"start":{"line":19,"column":0},"end":{"line":19,"column":12}},"19":{"start":{"line":20,"column":0},"end":{"line":20,"column":13}},"20":{"start":{"line":21,"column":0},"end":{"line":21,"column":25}},"21":{"start":{"line":22,"column":0},"end":{"line":22,"column":12}},"22":{"start":{"line":23,"column":0},"end":{"line":23,"column":13}},"23":{"start":{"line":24,"column":0},"end":{"line":24,"column":26}},"24":{"start":{"line":25,"column":0},"end":{"line":25,"column":12}},"25":{"start":{"line":26,"column":0},"end":{"line":26,"column":13}},"26":{"start":{"line":27,"column":0},"end":{"line":27,"column":26}},"27":{"start":{"line":28,"column":0},"end":{"line":28,"column":12}},"28":{"start":{"line":29,"column":0},"end":{"line":29,"column":13}},"29":{"start":{"line":30,"column":0},"end":{"line":30,"column":28}},"30":{"start":{"line":31,"column":0},"end":{"line":31,"column":12}},"31":{"start":{"line":32,"column":0},"end":{"line":32,"column":13}},"32":{"start":{"line":33,"column":0},"end":{"line":33,"column":30}},"33":{"start":{"line":34,"column":0},"end":{"line":34,"column":12}},"34":{"start":{"line":35,"column":0},"end":{"line":35,"column":14}},"35":{"start":{"line":36,"column":0},"end":{"line":36,"column":29}},"36":{"start":{"line":37,"column":0},"end":{"line":37,"column":12}},"37":{"start":{"line":38,"column":0},"end":{"line":38,"column":14}},"38":{"start":{"line":39,"column":0},"end":{"line":39,"column":28}},"39":{"start":{"line":40,"column":0},"end":{"line":40,"column":12}},"40":{"start":{"line":41,"column":0},"end":{"line":41,"column":14}},"41":{"start":{"line":42,"column":0},"end":{"line":42,"column":29}},"42":{"start":{"line":43,"column":0},"end":{"line":43,"column":12}},"43":{"start":{"line":44,"column":0},"end":{"line":44,"column":3}},"44":{"start":{"line":45,"column":0},"end":{"line":45,"column":1}}},"s":{"0":1,"1":1,"2":1,"3":1,"4":1,"5":5,"6":5,"7":5,"8":1,"9":1,"10":5,"11":0,"12":0,"13":5,"14":0,"15":0,"16":5,"17":0,"18":0,"19":5,"20":1,"21":1,"22":5,"23":0,"24":0,"25":5,"26":0,"27":0,"28":5,"29":1,"30":1,"31":5,"32":1,"33":1,"34":5,"35":0,"36":0,"37":5,"38":0,"39":0,"40":5,"41":1,"42":1,"43":5,"44":5},"branchMap":{"0":{"type":"branch","line":5,"loc":{"start":{"line":5,"column":7},"end":{"line":45,"column":1}},"locations":[{"start":{"line":5,"column":7},"end":{"line":45,"column":1}}]},"1":{"type":"branch","line":8,"loc":{"start":{"line":8,"column":4},"end":{"line":10,"column":12}},"locations":[{"start":{"line":8,"column":4},"end":{"line":10,"column":12}}]},"2":{"type":"branch","line":11,"loc":{"start":{"line":11,"column":4},"end":{"line":13,"column":12}},"locations":[{"start":{"line":11,"column":4},"end":{"line":13,"column":12}}]},"3":{"type":"branch","line":14,"loc":{"start":{"line":14,"column":4},"end":{"line":16,"column":12}},"locations":[{"start":{"line":14,"column":4},"end":{"line":16,"column":12}}]},"4":{"type":"branch","line":17,"loc":{"start":{"line":17,"column":4},"end":{"line":19,"column":12}},"locations":[{"start":{"line":17,"column":4},"end":{"line":19,"column":12}}]},"5":{"type":"branch","line":20,"loc":{"start":{"line":20,"column":4},"end":{"line":22,"column":12}},"locations":[{"start":{"line":20,"column":4},"end":{"line":22,"column":12}}]},"6":{"type":"branch","line":23,"loc":{"start":{"line":23,"column":4},"end":{"line":25,"column":12}},"locations":[{"start":{"line":23,"column":4},"end":{"line":25,"column":12}}]},"7":{"type":"branch","line":26,"loc":{"start":{"line":26,"column":4},"end":{"line":28,"column":12}},"locations":[{"start":{"line":26,"column":4},"end":{"line":28,"column":12}}]},"8":{"type":"branch","line":29,"loc":{"start":{"line":29,"column":4},"end":{"line":31,"column":12}},"locations":[{"start":{"line":29,"column":4},"end":{"line":31,"column":12}}]},"9":{"type":"branch","line":32,"loc":{"start":{"line":32,"column":4},"end":{"line":34,"column":12}},"locations":[{"start":{"line":32,"column":4},"end":{"line":34,"column":12}}]},"10":{"type":"branch","line":35,"loc":{"start":{"line":35,"column":4},"end":{"line":37,"column":12}},"locations":[{"start":{"line":35,"column":4},"end":{"line":37,"column":12}}]},"11":{"type":"branch","line":38,"loc":{"start":{"line":38,"column":4},"end":{"line":40,"column":12}},"locations":[{"start":{"line":38,"column":4},"end":{"line":40,"column":12}}]},"12":{"type":"branch","line":41,"loc":{"start":{"line":41,"column":4},"end":{"line":43,"column":12}},"locations":[{"start":{"line":41,"column":4},"end":{"line":43,"column":12}}]}},"b":{"0":[5],"1":[1],"2":[0],"3":[0],"4":[0],"5":[1],"6":[0],"7":[0],"8":[1],"9":[1],"10":[0],"11":[0],"12":[1]},"fnMap":{"0":{"name":"whatMonth","decl":{"start":{"line":5,"column":7},"end":{"line":45,"column":1}},"loc":{"start":{"line":5,"column":7},"end":{"line":45,"column":1}},"line":5}},"f":{"0":5}}
,"/Users/Aliyah/otus-git/src/сonditional_branching/tasc2_3.js": {"path":"/Users/Aliyah/otus-git/src/сonditional_branching/tasc2_3.js","all":false,"statementMap":{"0":{"start":{"line":1,"column":0},"end":{"line":1,"column":54}},"1":{"start":{"line":2,"column":0},"end":{"line":2,"column":49}},"2":{"start":{"line":3,"column":0},"end":{"line":3,"column":52}},"3":{"start":{"line":4,"column":0},"end":{"line":4,"column":0}},"4":{"start":{"line":5,"column":0},"end":{"line":5,"column":51}},"5":{"start":{"line":6,"column":0},"end":{"line":6,"column":43}},"6":{"start":{"line":7,"column":0},"end":{"line":7,"column":26}},"7":{"start":{"line":8,"column":0},"end":{"line":8,"column":14}},"8":{"start":{"line":9,"column":0},"end":{"line":9,"column":16}},"9":{"start":{"line":10,"column":0},"end":{"line":10,"column":10}},"10":{"start":{"line":11,"column":0},"end":{"line":11,"column":16}},"11":{"start":{"line":12,"column":0},"end":{"line":12,"column":4}},"12":{"start":{"line":13,"column":0},"end":{"line":13,"column":1}},"13":{"start":{"line":14,"column":0},"end":{"line":14,"column":0}},"14":{"start":{"line":15,"column":0},"end":{"line":15,"column":47}},"15":{"start":{"line":16,"column":0},"end":{"line":16,"column":54}},"16":{"start":{"line":17,"column":0},"end":{"line":17,"column":41}}},"s":{"0":1,"1":1,"2":1,"3":1,"4":1,"5":3,"6":3,"7":3,"8":2,"9":2,"10":2,"11":2,"12":3,"13":1,"14":1,"15":1,"16":1},"branchMap":{"0":{"type":"branch","line":5,"loc":{"start":{"line":5,"column":7},"end":{"line":13,"column":1}},"locations":[{"start":{"line":5,"column":7},"end":{"line":13,"column":1}}]},"1":{"type":"branch","line":8,"loc":{"start":{"line":8,"column":13},"end":{"line":10,"column":9}},"locations":[{"start":{"line":8,"column":13},"end":{"line":10,"column":9}}]},"2":{"type":"branch","line":8,"loc":{"start":{"line":8,"column":2},"end":{"line":12,"column":4}},"locations":[{"start":{"line":8,"column":2},"end":{"line":12,"column":4}}]}},"b":{"0":[3],"1":[1],"2":[2]},"fnMap":{"0":{"name":"circleAndSquare","decl":{"start":{"line":5,"column":7},"end":{"line":13,"column":1}},"loc":{"start":{"line":5,"column":7},"end":{"line":13,"column":1}},"line":5}},"f":{"0":3}}
}
