TN:
SF:src/tasc7.js
FN:1,makeInteractiveList
FNF:1
FNH:1
FNDA:5,makeInteractiveList
DA:1,1
DA:2,5
DA:3,5
DA:4,5
DA:5,5
DA:6,5
DA:7,5
DA:8,5
DA:9,5
DA:10,5
DA:11,5
DA:12,5
DA:13,5
DA:14,5
DA:15,5
DA:16,5
DA:17,5
DA:18,5
DA:19,5
DA:20,5
DA:21,6
DA:22,1
DA:23,1
DA:24,1
DA:25,1
DA:26,6
DA:27,5
DA:28,5
DA:29,4
DA:30,4
DA:31,4
DA:32,4
DA:33,4
DA:34,4
DA:35,4
DA:36,4
DA:37,1
DA:38,1
DA:39,4
DA:40,5
LF:40
LH:40
BRDA:1,0,0,5
BRDA:20,1,0,6
BRDA:21,2,0,5
BRDA:21,3,0,1
BRDA:28,4,0,4
BRDA:36,5,0,1
BRF:6
BRH:6
end_of_record
TN:
SF:src/array/tasc5_1.js
FN:5,sumOfArrElements
FNF:1
FNH:1
FNDA:3,sumOfArrElements
DA:1,1
DA:2,1
DA:3,1
DA:4,1
DA:5,1
DA:6,3
DA:7,3
DA:8,3
LF:8
LH:8
BRDA:5,0,0,3
BRDA:6,1,0,6
BRF:2
BRH:2
end_of_record
TN:
SF:src/array/tasc5_2.js
FN:10,newArr
FNF:1
FNH:1
FNDA:3,newArr
DA:1,1
DA:2,1
DA:3,1
DA:4,1
DA:5,1
DA:6,1
DA:7,1
DA:8,1
DA:9,1
DA:10,1
DA:11,3
DA:12,3
DA:13,3
LF:13
LH:13
BRDA:10,0,0,3
BRDA:11,1,0,9
BRF:2
BRH:2
end_of_record
TN:
SF:src/array/tasc5_3.js
FN:6,findMinAndMax
FNF:1
FNH:1
FNDA:3,findMinAndMax
DA:1,1
DA:2,1
DA:3,1
DA:4,1
DA:5,1
DA:6,1
DA:7,3
DA:8,3
DA:9,3
DA:10,3
DA:11,3
LF:11
LH:11
BRDA:6,0,0,3
BRF:1
BRH:1
end_of_record
TN:
SF:src/date/tasc8_1.js
FN:5,dayOfWeek
FNF:1
FNH:1
FNDA:3,dayOfWeek
DA:1,1
DA:2,1
DA:3,1
DA:4,1
DA:5,1
DA:6,3
DA:7,3
DA:8,3
DA:9,3
DA:10,3
DA:11,3
DA:12,3
LF:12
LH:12
BRDA:5,0,0,3
BRF:1
BRH:1
end_of_record
TN:
SF:src/date/tasc8_2.js
FN:5,getMinutsToday
FNF:1
FNH:1
FNDA:1,getMinutsToday
DA:1,1
DA:2,1
DA:3,1
DA:4,1
DA:5,1
DA:6,1
DA:7,1
DA:8,1
DA:9,1
DA:10,1
DA:11,1
DA:12,1
DA:13,1
DA:14,1
DA:15,1
DA:16,1
DA:17,1
DA:18,1
DA:19,1
DA:20,1
DA:21,1
DA:22,1
DA:23,1
DA:24,1
DA:25,1
LF:25
LH:25
BRDA:5,0,0,1
BRF:1
BRH:1
end_of_record
TN:
SF:src/date/tasc8_3.js
FN:6,whoIsYanger
FNF:1
FNH:1
FNDA:3,whoIsYanger
DA:1,1
DA:2,1
DA:3,1
DA:4,1
DA:5,1
DA:6,1
DA:7,3
DA:8,3
DA:9,3
DA:10,3
DA:11,3
DA:12,3
DA:13,3
DA:14,3
DA:15,3
DA:16,3
DA:17,3
DA:18,3
DA:19,3
DA:20,3
DA:21,3
LF:21
LH:21
BRDA:6,0,0,3
BRDA:20,1,0,1
BRDA:20,2,0,2
BRF:3
BRH:3
end_of_record
TN:
SF:src/functions/tasc6_1.js
FN:5,diff
FNF:1
FNH:1
FNDA:3,diff
DA:1,1
DA:2,1
DA:3,1
DA:4,1
DA:5,1
DA:6,3
DA:7,3
DA:8,3
DA:9,3
DA:10,3
LF:10
LH:10
BRDA:5,0,0,3
BRF:1
BRH:1
end_of_record
TN:
SF:src/functions/tasc6_2.js
FN:6,isWord
FNF:1
FNH:1
FNDA:3,isWord
DA:1,1
DA:2,1
DA:3,1
DA:4,1
DA:5,1
DA:6,1
DA:7,3
DA:8,3
DA:9,3
DA:10,3
LF:10
LH:10
BRDA:6,0,0,3
BRDA:8,1,0,1
BRDA:8,2,0,2
BRF:3
BRH:3
end_of_record
TN:
SF:src/functions/tasc6_3.js
FN:8,pow
FNF:1
FNH:1
FNDA:3,pow
DA:1,1
DA:2,1
DA:3,1
DA:4,1
DA:5,1
DA:6,1
DA:7,1
DA:8,1
DA:9,3
DA:10,3
DA:11,7
DA:12,7
DA:13,3
DA:14,3
LF:14
LH:14
BRDA:8,0,0,3
BRDA:10,1,0,7
BRF:2
BRH:2
end_of_record
TN:
SF:src/linear_algorithms/tasc1.js
FN:4,math
FNF:1
FNH:1
FNDA:3,math
DA:1,1
DA:2,1
DA:3,1
DA:4,1
DA:5,3
DA:6,3
DA:7,3
DA:8,3
DA:9,3
LF:9
LH:9
BRDA:4,0,0,3
BRF:1
BRH:1
end_of_record
TN:
SF:src/linear_algorithms/tasc2.js
FN:5,sumOfSymbols
FNF:1
FNH:1
FNDA:3,sumOfSymbols
DA:1,1
DA:2,1
DA:3,1
DA:4,1
DA:5,1
DA:6,3
DA:7,3
DA:8,3
LF:8
LH:8
BRDA:5,0,0,3
BRF:1
BRH:1
end_of_record
TN:
SF:src/linear_algorithms/tasc3.js
FN:5,sumOfInput
FNF:1
FNH:1
FNDA:3,sumOfInput
DA:1,1
DA:2,1
DA:3,1
DA:4,1
DA:5,1
DA:6,3
DA:7,3
DA:8,3
DA:9,3
DA:10,3
DA:11,3
DA:12,3
LF:12
LH:12
BRDA:5,0,0,3
BRDA:9,1,0,9
BRF:2
BRH:2
end_of_record
TN:
SF:src/loops/tasc3_1.js
FN:4,numbers
FNF:1
FNH:1
FNDA:3,numbers
DA:1,1
DA:2,1
DA:3,1
DA:4,1
DA:5,3
DA:6,3
DA:7,166
DA:8,166
DA:9,3
DA:10,3
LF:10
LH:10
BRDA:4,0,0,3
BRDA:6,1,0,166
BRF:2
BRH:2
end_of_record
TN:
SF:src/loops/tasc3_2.js
FN:7,multTable
FNF:1
FNH:1
FNDA:3,multTable
DA:1,1
DA:2,1
DA:3,1
DA:4,1
DA:5,1
DA:6,1
DA:7,1
DA:8,3
DA:9,3
DA:10,3
DA:11,27
DA:12,27
DA:13,3
DA:14,3
LF:14
LH:14
BRDA:7,0,0,3
BRDA:10,1,0,27
BRF:2
BRH:2
end_of_record
TN:
SF:src/loops/tasc3_3.js
FN:5,fun
FNF:1
FNH:1
FNDA:3,fun
DA:1,1
DA:2,1
DA:3,1
DA:4,1
DA:5,1
DA:6,3
DA:7,3
DA:8,3
DA:9,125
DA:10,63
DA:11,63
DA:12,125
DA:13,3
DA:14,3
DA:15,3
LF:15
LH:15
BRDA:5,0,0,3
BRDA:8,1,0,125
BRDA:9,2,0,63
BRDA:13,3,0,60
BRF:4
BRH:4
end_of_record
TN:
SF:src/math/tasc9_1.js
FN:3,compareNumbers
FN:6,isTriangleRight
FNF:2
FNH:2
FNDA:8,compareNumbers
FNDA:3,isTriangleRight
DA:1,1
DA:2,1
DA:3,1
DA:4,8
DA:5,8
DA:6,1
DA:7,3
DA:8,3
DA:9,3
DA:10,3
DA:11,3
DA:12,3
DA:13,3
DA:14,3
DA:15,3
DA:16,1
DA:17,1
DA:18,1
DA:19,1
DA:20,3
LF:20
LH:20
BRDA:3,0,0,8
BRDA:6,1,0,3
BRDA:15,2,0,2
BRDA:15,3,0,1
BRF:4
BRH:4
end_of_record
TN:
SF:src/math/tasc9_2.js
FN:5,getCircleS
FNF:1
FNH:1
FNDA:3,getCircleS
DA:1,1
DA:2,1
DA:3,1
DA:4,1
DA:5,1
DA:6,3
DA:7,3
DA:8,3
DA:9,3
DA:10,3
DA:11,3
LF:11
LH:11
BRDA:5,0,0,3
BRF:1
BRH:1
end_of_record
TN:
SF:src/object/tasc4_1.js
FN:7,addAgeToUser
FNF:1
FNH:1
FNDA:3,addAgeToUser
DA:1,1
DA:2,1
DA:3,1
DA:4,1
DA:5,1
DA:6,1
DA:7,1
DA:8,3
DA:9,3
DA:10,3
DA:11,3
LF:11
LH:11
BRDA:7,0,0,3
BRF:1
BRH:1
end_of_record
TN:
SF:src/object/tasc4_2.js
FN:10,createAdmin
FNF:1
FNH:1
FNDA:3,createAdmin
DA:1,1
DA:2,1
DA:3,1
DA:4,1
DA:5,1
DA:6,1
DA:7,1
DA:8,1
DA:9,1
DA:10,1
DA:11,3
DA:12,3
DA:13,3
LF:13
LH:13
BRDA:10,0,0,3
BRF:1
BRH:1
end_of_record
TN:
SF:src/object/tasc4_3.js
FN:8,getProps
FNF:1
FNH:1
FNDA:1,getProps
DA:1,1
DA:2,1
DA:3,1
DA:4,1
DA:5,1
DA:6,1
DA:7,1
DA:8,1
DA:9,1
DA:10,1
DA:11,1
LF:11
LH:11
BRDA:8,0,0,1
BRF:1
BRH:1
end_of_record
TN:
SF:src/regular_expressions/tasc10.js
FN:8,fun
FNF:1
FNH:1
FNDA:4,fun
DA:1,1
DA:2,1
DA:3,1
DA:4,1
DA:5,1
DA:6,1
DA:7,1
DA:8,1
DA:9,4
DA:10,4
DA:11,4
DA:12,4
DA:13,4
DA:14,4
DA:15,3
DA:16,3
DA:17,2
DA:18,2
DA:19,1
DA:20,1
DA:21,1
DA:22,1
DA:23,4
LF:23
LH:23
BRDA:8,0,0,4
BRDA:14,1,0,1
BRDA:14,2,0,3
BRDA:16,3,0,1
BRDA:16,4,0,2
BRDA:18,5,0,1
BRF:6
BRH:6
end_of_record
TN:
SF:src/сonditional_branching/tasc2_1.js
FN:4,biggestNum
FNF:1
FNH:1
FNDA:3,biggestNum
DA:1,1
DA:2,1
DA:3,1
DA:4,1
DA:5,3
DA:6,3
DA:7,3
LF:7
LH:7
BRDA:4,0,0,3
BRF:1
BRH:1
end_of_record
TN:
SF:src/сonditional_branching/tasc2_2.js
FN:5,whatMonth
FNF:1
FNH:1
FNDA:5,whatMonth
DA:1,1
DA:2,1
DA:3,1
DA:4,1
DA:5,1
DA:6,5
DA:7,5
DA:8,5
DA:9,1
DA:10,1
DA:11,5
DA:12,0
DA:13,0
DA:14,5
DA:15,0
DA:16,0
DA:17,5
DA:18,0
DA:19,0
DA:20,5
DA:21,1
DA:22,1
DA:23,5
DA:24,0
DA:25,0
DA:26,5
DA:27,0
DA:28,0
DA:29,5
DA:30,1
DA:31,1
DA:32,5
DA:33,1
DA:34,1
DA:35,5
DA:36,0
DA:37,0
DA:38,5
DA:39,0
DA:40,0
DA:41,5
DA:42,1
DA:43,1
DA:44,5
DA:45,5
LF:45
LH:31
BRDA:5,0,0,5
BRDA:8,1,0,1
BRDA:11,2,0,0
BRDA:14,3,0,0
BRDA:17,4,0,0
BRDA:20,5,0,1
BRDA:23,6,0,0
BRDA:26,7,0,0
BRDA:29,8,0,1
BRDA:32,9,0,1
BRDA:35,10,0,0
BRDA:38,11,0,0
BRDA:41,12,0,1
BRF:13
BRH:6
end_of_record
TN:
SF:src/сonditional_branching/tasc2_3.js
FN:5,circleAndSquare
FNF:1
FNH:1
FNDA:3,circleAndSquare
DA:1,1
DA:2,1
DA:3,1
DA:4,1
DA:5,1
DA:6,3
DA:7,3
DA:8,3
DA:9,2
DA:10,2
DA:11,2
DA:12,2
DA:13,3
DA:14,1
DA:15,1
DA:16,1
DA:17,1
LF:17
LH:17
BRDA:5,0,0,3
BRDA:8,1,0,1
BRDA:8,2,0,2
BRF:3
BRH:3
end_of_record
